2018-03-27 16:27:20   Cannot insert into grp_imsi   pq: unrecognized configuration parameter "user.id"
2018-03-27 16:30:18   Cannot insert into grp_imsi   pq: unrecognized configuration parameter "user.id"
2018-03-27 16:35:54   Cannot insert into grp_imsi   pq: got 2 parameters but the statement requires 1
2018-03-27 16:38:20   Cannot insert into grp_imsi   pq: unrecognized configuration parameter "user.id"
2018-03-27 16:39:31   Cannot insert into grp_imsiINSERT INTO steer.grp_imsi (list_id, imsi) VALUES (1, '250012345678984')   pq: unrecognized configuration parameter "user.id"
2018-03-27 17:05:31   Cannot insert into grp_imsiINSERT INTO steer.grp_imsi (list_id, imsi) VALUES (1, '250012345678984')   pq: unrecognized configuration parameter "user.id"
2018-03-27 17:07:42   Cannot insert into grp_imsiINSERT INTO steer.grp_imsi (list_id, imsi) VALUES (1, '250012345678984')   pq: unrecognized configuration parameter "user.id"
2018-03-27 17:08:42   Cannot insert into grp_imsiINSERT INTO grp_imsi (list_id, imsi) VALUES (1, '250012345678984')   pq: unrecognized configuration parameter "user.id"
2018-03-27 17:10:35   Cannot insert into grp_imsiINSERT INTO grp_imsi (list_id, imsi) VALUES (1, '250012345678985')   pq: unrecognized configuration parameter "user.id"
2018-03-28 08:02:47   Cannot insert into grp_imsiINSERT INTO grp_imsi (list_id, imsi) VALUES (1, '250012345678985')   pq: unrecognized configuration parameter "user.id"
2018-03-28 08:12:43   Cannot get grp_imsi   pq: got 2 parameters but the statement requires 1
2018-03-28 08:15:21   Cannot insert into grp_imsiselect set_config('user.id', '17', False); INSERT INTO grp_imsi (list_id, imsi) VALUES ($1, '$2')   pq: cannot insert multiple commands into a prepared statement
2018-03-28 08:16:00   Cannot insert into grp_imsiselect set_config('user.id', '17', False); INSERT INTO grp_imsi (list_id, imsi) VALUES ($1, $2)   pq: cannot insert multiple commands into a prepared statement
2018-03-28 08:16:47   Cannot insert into grp_imsiselect set_config('user.id', '17', False); INSERT INTO grp_imsi (list_id, imsi) VALUES ($1, $2)   pq: cannot insert multiple commands into a prepared statement
2018-03-28 08:57:59   Cannot insert into grp_imsi   pq: unrecognized configuration parameter "user.id"
2018-03-28 09:14:36   Cannot insert into grp_imsi   pq: unrecognized configuration parameter "user.id"
2018-03-28 09:34:04   Cannot set param   pq: unrecognized configuration parameter "user.id"
2018-03-28 09:34:35   Cannot set param   pq: unrecognized configuration parameter "user.id"
2018-03-28 09:35:21   Cannot set param   pq: unexpected DataRow in simple query execution
2018-03-28 09:42:02   Cannot insert into grp_imsiINSERT INTO grp_imsi (list_id, imsi) VALUES ($1, $2)   pq: value "250012345678988" is out of range for type integer
2018-03-28 09:52:14   Cannot insert into grp_imsiINSERT INTO grp_imsi (list_id, imsi) VALUES (%!d(string=250012345678988), 1)   pq: column "string" does not exist
2018-03-28 09:56:04   Cannot insert into grp_imsiINSERT INTO grp_imsi (list_id, imsi) VALUES (250012345678988, 1)   pq: integer out of range
2018-03-28 10:08:24   Cannot delete from grp_imsiDELETE from grp_imsi WHERE list_id = 1 AND imsi = 250012345678988)   pq: syntax error at or near ")"
2018-03-28 10:09:11   Cannot delete from grp_imsiDELETE from grp_imsi WHERE list_id = 1 AND imsi = 250012345678988   pq: operator does not exist: character varying = bigint
2018-03-28 10:29:53   Cannot delete from grp_imsiDELETE from grp_imsi WHERE list_id =  AND imsi = '250012345678986'   pq: syntax error at or near "AND"
2018-03-28 12:33:51   Cannot insert into grp_imsiINSERT INTO grp_imsi (list_id, imsi) VALUES (1, 250012345679075)   pq: duplicate key value violates unique constraint "grp_imsi_list_id_imsi_key"
2018-03-28 12:33:51   Cannot insert into grp_imsiINSERT INTO grp_imsi (list_id, imsi) VALUES (1, 250012345679077)   pq: duplicate key value violates unique constraint "grp_imsi_list_id_imsi_key"
2018-03-28 12:33:51   Cannot insert into grp_imsiINSERT INTO grp_imsi (list_id, imsi) VALUES (1, 250012345679066)   pq: duplicate key value violates unique constraint "grp_imsi_list_id_imsi_key"
2018-03-28 12:33:51   Cannot insert into grp_imsiINSERT INTO grp_imsi (list_id, imsi) VALUES (1, 250012345679065)   pq: duplicate key value violates unique constraint "grp_imsi_list_id_imsi_key"
2018-03-28 12:33:51   Cannot insert into grp_imsiINSERT INTO grp_imsi (list_id, imsi) VALUES (1, 250012345679073)   pq: duplicate key value violates unique constraint "grp_imsi_list_id_imsi_key"
2018-03-28 12:33:51   Cannot insert into grp_imsiINSERT INTO grp_imsi (list_id, imsi) VALUES (1, 250012345679049)   pq: duplicate key value violates unique constraint "grp_imsi_list_id_imsi_key"
2018-03-28 12:33:51   Cannot insert into grp_imsiINSERT INTO grp_imsi (list_id, imsi) VALUES (1, 250012345679070)   pq: duplicate key value violates unique constraint "grp_imsi_list_id_imsi_key"
2018-03-28 12:38:47   Cannot insert into grp_imsiINSERT INTO grp_imsi (list_id, imsi) VALUES (1, 250012345679063)   pq: duplicate key value violates unique constraint "grp_imsi_list_id_imsi_key"
2018-03-28 12:38:47   Cannot insert into grp_imsiINSERT INTO grp_imsi (list_id, imsi) VALUES (1, 250012345679106)   pq: duplicate key value violates unique constraint "grp_imsi_list_id_imsi_key"
2018-03-28 12:38:47   Cannot insert into grp_imsiINSERT INTO grp_imsi (list_id, imsi) VALUES (1, 250012345679144)   pq: duplicate key value violates unique constraint "grp_imsi_list_id_imsi_key"
2018-03-28 12:38:47   Cannot insert into grp_imsiINSERT INTO grp_imsi (list_id, imsi) VALUES (1, 250012345679175)   pq: duplicate key value violates unique constraint "grp_imsi_list_id_imsi_key"
2018-03-28 12:38:47   Cannot insert into grp_imsiINSERT INTO grp_imsi (list_id, imsi) VALUES (1, 250012345679180)   pq: duplicate key value violates unique constraint "grp_imsi_list_id_imsi_key"
2018-03-28 12:38:48   Cannot insert into grp_imsiINSERT INTO grp_imsi (list_id, imsi) VALUES (1, 250012345679210)   pq: duplicate key value violates unique constraint "grp_imsi_list_id_imsi_key"
2018-03-28 12:38:48   Cannot insert into grp_imsiINSERT INTO grp_imsi (list_id, imsi) VALUES (1, 250012345679266)   pq: duplicate key value violates unique constraint "grp_imsi_list_id_imsi_key"
2018-03-28 12:38:48   Cannot insert into grp_imsiINSERT INTO grp_imsi (list_id, imsi) VALUES (1, 250012345679287)   pq: duplicate key value violates unique constraint "grp_imsi_list_id_imsi_key"
2018-03-28 12:38:48   Cannot insert into grp_imsiINSERT INTO grp_imsi (list_id, imsi) VALUES (1, 250012345679299)   pq: duplicate key value violates unique constraint "grp_imsi_list_id_imsi_key"
2018-03-28 12:38:48   Cannot insert into grp_imsiINSERT INTO grp_imsi (list_id, imsi) VALUES (1, 250012345679309)   pq: duplicate key value violates unique constraint "grp_imsi_list_id_imsi_key"
2018-03-28 12:38:48   Cannot insert into grp_imsiINSERT INTO grp_imsi (list_id, imsi) VALUES (1, 250012345679328)   pq: duplicate key value violates unique constraint "grp_imsi_list_id_imsi_key"
2018-03-28 12:38:48   Cannot insert into grp_imsiINSERT INTO grp_imsi (list_id, imsi) VALUES (1, 250012345679360)   pq: duplicate key value violates unique constraint "grp_imsi_list_id_imsi_key"
2018-03-28 12:38:48   Cannot insert into grp_imsiINSERT INTO grp_imsi (list_id, imsi) VALUES (1, 250012345679378)   pq: duplicate key value violates unique constraint "grp_imsi_list_id_imsi_key"
2018-03-28 12:38:48   Cannot insert into grp_imsiINSERT INTO grp_imsi (list_id, imsi) VALUES (1, 250012345679375)   pq: duplicate key value violates unique constraint "grp_imsi_list_id_imsi_key"
2018-03-28 12:38:48   Cannot insert into grp_imsiINSERT INTO grp_imsi (list_id, imsi) VALUES (1, 250012345679389)   pq: duplicate key value violates unique constraint "grp_imsi_list_id_imsi_key"
2018-03-28 12:38:48   Cannot insert into grp_imsiINSERT INTO grp_imsi (list_id, imsi) VALUES (1, 250012345679394)   pq: duplicate key value violates unique constraint "grp_imsi_list_id_imsi_key"
2018-03-28 12:38:48   Cannot insert into grp_imsiINSERT INTO grp_imsi (list_id, imsi) VALUES (1, 250012345679409)   pq: duplicate key value violates unique constraint "grp_imsi_list_id_imsi_key"
2018-03-28 12:38:48   Cannot insert into grp_imsiINSERT INTO grp_imsi (list_id, imsi) VALUES (1, 250012345679419)   pq: duplicate key value violates unique constraint "grp_imsi_list_id_imsi_key"
2018-03-28 12:38:48   Cannot insert into grp_imsiINSERT INTO grp_imsi (list_id, imsi) VALUES (1, 250012345679423)   pq: duplicate key value violates unique constraint "grp_imsi_list_id_imsi_key"
2018-03-28 12:38:48   Cannot insert into grp_imsiINSERT INTO grp_imsi (list_id, imsi) VALUES (1, 250012345679431)   pq: duplicate key value violates unique constraint "grp_imsi_list_id_imsi_key"
2018-03-28 12:38:49   Cannot insert into grp_imsiINSERT INTO grp_imsi (list_id, imsi) VALUES (1, 250012345679459)   pq: duplicate key value violates unique constraint "grp_imsi_list_id_imsi_key"
2018-03-28 12:38:49   Cannot insert into grp_imsiINSERT INTO grp_imsi (list_id, imsi) VALUES (1, 250012345679478)   pq: duplicate key value violates unique constraint "grp_imsi_list_id_imsi_key"
2018-03-28 12:39:05   Cannot insert into grp_imsiINSERT INTO grp_imsi (list_id, imsi) VALUES (1, 250012345679134)   pq: duplicate key value violates unique constraint "grp_imsi_list_id_imsi_key"
2018-03-28 12:44:43   Cannot insert into grp_imsiINSERT INTO grp_imsi (list_id, imsi) VALUES (1, 250012345679388)   pq: duplicate key value violates unique constraint "grp_imsi_list_id_imsi_key"
2018-03-28 12:55:23   Cannot insert into grp_imsiINSERT INTO grp_imsi (list_id, imsi) VALUES (1, 250012345679530)   pq: duplicate key value violates unique constraint "grp_imsi_list_id_imsi_key"
2018-03-28 12:55:23   Cannot insert into grp_imsiINSERT INTO grp_imsi (list_id, imsi) VALUES (1, 250012345679551)   pq: duplicate key value violates unique constraint "grp_imsi_list_id_imsi_key"
2018-03-28 12:55:23   Cannot insert into grp_imsiINSERT INTO grp_imsi (list_id, imsi) VALUES (1, 250012345679586)   pq: duplicate key value violates unique constraint "grp_imsi_list_id_imsi_key"
2018-03-28 12:55:23   Cannot insert into grp_imsiINSERT INTO grp_imsi (list_id, imsi) VALUES (1, 250012345679653)   pq: duplicate key value violates unique constraint "grp_imsi_list_id_imsi_key"
2018-03-28 12:55:25   Cannot insert into grp_imsiINSERT INTO grp_imsi (list_id, imsi) VALUES (1, 250012345679932)   pq: duplicate key value violates unique constraint "grp_imsi_list_id_imsi_key"
2018-03-28 12:55:25   Cannot insert into grp_imsiINSERT INTO grp_imsi (list_id, imsi) VALUES (1, 250012345679963)   pq: duplicate key value violates unique constraint "grp_imsi_list_id_imsi_key"
2018-03-28 12:55:25   Cannot insert into grp_imsiINSERT INTO grp_imsi (list_id, imsi) VALUES (1, 250012345679979)   pq: duplicate key value violates unique constraint "grp_imsi_list_id_imsi_key"
2018-03-28 13:53:19   Cannot get grp_list   dial tcp 172.18.1.82:5432: socket: too many open files
2018.03.30 16:55:41   not config file.   open /opt/svyazcom/etc/serverSOAP//soap.conf: no such file or directory
2018.03.30 16:55:41   not valid json.   invalid argument
